<?xml version="1.0" encoding="UTF-8"?>
<!-- Generated by org.testng.reporters.JUnitXMLReporter -->
<testsuite ignored="0" hostname="DESKTOP-L4J545I" failures="0" tests="2" name="Test1" time="14.731" errors="0" timestamp="2023-03-03T17:38:25 IST">
  <testcase classname="biobook_socialmedia_home.ProfileUpdateHomeDisp_BIOB41" name="ProfileUpdateHomeDisp" time="4.504"/>
  <testcase classname="biobook_socialmedia_photo.ProfileUpdatePhotoDisp_BIOB42" name="profileUpdatePhotoDisp" time="3.679"/>
</testsuite> <!-- Test1 -->
