<?xml version="1.0" encoding="UTF-8"?>
<testng-results ignored="0" total="1" passed="1" failed="0" skipped="0">
  <reporter-output>
  </reporter-output>
  <suite started-at="2023-03-13T10:22:46 IST" name="Default suite" finished-at="2023-03-13T10:22:57 IST" duration-ms="10470">
    <groups>
    </groups>
    <test started-at="2023-03-13T10:22:46 IST" name="Default test" finished-at="2023-03-13T10:22:57 IST" duration-ms="10470">
      <class name="biobook_socialmedia_home.CommentOnPhoto_BIOB35">
        <test-method is-config="true" signature="configurationsetUp(java.lang.String)[pri:0, instance:biobook_socialmedia_home.CommentOnPhoto_BIOB35@7c711375]" started-at="2023-03-13T10:22:46 IST" name="configurationsetUp" finished-at="2023-03-13T10:22:49 IST" duration-ms="2690" status="PASS">
          <params>
            <param index="0">
              <value is-null="true"/>
            </param>
          </params>
          <reporter-output>
          </reporter-output>
        </test-method> <!-- configurationsetUp -->
        <test-method is-config="true" signature="launchApplicationsetUp()[pri:0, instance:biobook_socialmedia_home.CommentOnPhoto_BIOB35@7c711375]" started-at="2023-03-13T10:22:49 IST" name="launchApplicationsetUp" finished-at="2023-03-13T10:22:50 IST" duration-ms="645" status="PASS">
          <reporter-output>
          </reporter-output>
        </test-method> <!-- launchApplicationsetUp -->
        <test-method signature="CommentOnPhoto()[pri:0, instance:biobook_socialmedia_home.CommentOnPhoto_BIOB35@7c711375]" started-at="2023-03-13T10:22:50 IST" name="CommentOnPhoto" finished-at="2023-03-13T10:22:56 IST" duration-ms="6742" status="PASS">
          <reporter-output>
          </reporter-output>
        </test-method> <!-- CommentOnPhoto -->
        <test-method is-config="true" signature="closeApplicationTearDown()[pri:0, instance:biobook_socialmedia_home.CommentOnPhoto_BIOB35@7c711375]" started-at="2023-03-13T10:22:56 IST" name="closeApplicationTearDown" finished-at="2023-03-13T10:22:57 IST" duration-ms="150" status="PASS">
          <reporter-output>
          </reporter-output>
        </test-method> <!-- closeApplicationTearDown -->
        <test-method is-config="true" signature="closeBrowserTearDown()[pri:0, instance:biobook_socialmedia_home.CommentOnPhoto_BIOB35@7c711375]" started-at="2023-03-13T10:22:57 IST" name="closeBrowserTearDown" finished-at="2023-03-13T10:22:57 IST" duration-ms="189" status="PASS">
          <reporter-output>
          </reporter-output>
        </test-method> <!-- closeBrowserTearDown -->
      </class> <!-- biobook_socialmedia_home.CommentOnPhoto_BIOB35 -->
    </test> <!-- Default test -->
  </suite> <!-- Default suite -->
</testng-results>
